<?xml version="1.0" encoding="utf-8"?><testsuites><testsuite name="pytest" errors="0" failures="0" skipped="0" tests="5" time="67.970" timestamp="2020-11-24T17:53:13.340204" hostname="XSA-20160602PCQ"><testcase classname="test_dir.test_parametrize" name="test_baidu_search1[case1]" time="18.583" /><testcase classname="test_dir.test_parametrize" name="test_baidu_search1[case2]" time="11.704" /><testcase classname="test_dir.test_parametrize" name="test_baidu_search1[case3]" time="10.686" /><testcase classname="test_dir.test_parametrize" name="test_baidu_search2[1-Selenium]" time="12.939" /><testcase classname="test_dir.test_parametrize" name="test_baidu_search2[2-poium]" time="13.856" /></testsuite></testsuites>