<?xml version="1.0" encoding="utf-8"?><testsuites><testsuite name="pytest" errors="0" failures="0" skipped="0" tests="5" time="65.721" timestamp="2020-11-25T08:49:19.494003" hostname="XSA-20160602PCQ"><testcase classname="test_dir.test_parametrize" name="test_baidu_search1[case1]" time="17.959" /><testcase classname="test_dir.test_parametrize" name="test_baidu_search1[case2]" time="10.653" /><testcase classname="test_dir.test_parametrize" name="test_baidu_search1[case3]" time="10.805" /><testcase classname="test_dir.test_parametrize" name="test_baidu_search2[1-Selenium]" time="12.729" /><testcase classname="test_dir.test_parametrize" name="test_baidu_search2[2-poium]" time="13.462" /></testsuite></testsuites>