<?xml version="1.0" encoding="utf-8"?><testsuites><testsuite name="pytest" errors="0" failures="0" skipped="0" tests="2" time="23.220" timestamp="2020-11-20T22:05:28.498603" hostname="XSA-20160602PCQ"><testcase classname="test_dir.test_parametrize" name="test_baidu_search[1-Selenium]" time="17.012" /><testcase classname="test_dir.test_parametrize" name="test_baidu_search[2-poium]" time="6.129" /></testsuite></testsuites>