<?xml version="1.0" encoding="utf-8"?><testsuites><testsuite name="pytest" errors="0" failures="0" skipped="0" tests="5" time="88.548" timestamp="2020-11-25T08:50:29.479003" hostname="XSA-20160602PCQ"><testcase classname="test_dir.test_parametrize" name="test_baidu_search1[case1]" time="16.452" /><testcase classname="test_dir.test_parametrize" name="test_baidu_search1[case2]" time="22.068" /><testcase classname="test_dir.test_parametrize" name="test_baidu_search1[case3]" time="21.331" /><testcase classname="test_dir.test_parametrize" name="test_baidu_search2[1-Selenium]" time="12.468" /><testcase classname="test_dir.test_parametrize" name="test_baidu_search2[2-poium]" time="15.227" /></testsuite></testsuites>