<?xml version="1.0" encoding="utf-8"?><testsuites><testsuite name="pytest" errors="0" failures="0" skipped="0" tests="2" time="17.262" timestamp="2020-11-20T22:52:50.310603" hostname="XSA-20160602PCQ"><testcase classname="test_dir.test_baidu.TestSearch" name="test_baidu_search_case" time="11.338" /><testcase classname="test_dir.test_baidu.TestSearchSettings" name="test_baidu_search_setting" time="5.843" /></testsuite></testsuites>